<?xml version="1.0" encoding="UTF-8"?>
<!-- Generated by org.testng.reporters.JUnitReportReporter -->
<testsuite hostname="QA-TRATHI" failures="0" tests="2" name="Academy.HomePage" time="20.469" errors="0" timestamp="2022-05-20T11:52:21 GMT+05:30" skipped="0">
  <testcase classname="Academy.HomePage" name="homePageNavigation" time="12.142"/>
  <system-out/>
  <testcase classname="Academy.HomePage" name="homePageNavigation" time="8.327"/>
  <system-out/>
</testsuite> <!-- Academy.HomePage -->
