<?xml version="1.0" encoding="UTF-8"?>
<!-- Generated by org.testng.reporters.JUnitReportReporter -->
<testsuite hostname="QA-TRATHI" failures="0" tests="4" name="Tasty.AppiumTest" time="0.003" errors="0" timestamp="2022-04-04T10:38:58 GMT+05:30" skipped="0">
  <testcase classname="Tasty.AppiumTest" name="getTest2" time="0.000"/>
  <system-out/>
  <testcase classname="Tasty.AppiumTest" name="getTest3" time="0.001"/>
  <system-out/>
  <testcase classname="Tasty.AppiumTest" name="getTest4" time="0.000"/>
  <system-out/>
  <testcase classname="Tasty.AppiumTest" name="getTest" time="0.002"/>
  <system-out/>
</testsuite> <!-- Tasty.AppiumTest -->
