<?xml version="1.0" encoding="UTF-8"?>
<!-- Generated by org.testng.reporters.JUnitReportReporter -->
<testsuite hostname="QA-TRATHI" failures="0" tests="2" name="Tasty.SeleniumTest" time="0.000" errors="0" timestamp="2022-04-04T10:38:58 GMT+05:30" skipped="0">
  <testcase classname="Tasty.SeleniumTest" name="mobileSignup" time="0.000"/>
  <system-out/>
  <testcase classname="Tasty.SeleniumTest" name="mobileLoginOut" time="0.000"/>
  <system-out/>
</testsuite> <!-- Tasty.SeleniumTest -->
