<?xml version="1.0" encoding="UTF-8"?>
<!-- Generated by org.testng.reporters.JUnitReportReporter -->
<testsuite hostname="QA-TRATHI" failures="0" tests="2" name="SeleniumTest" time="0.003" errors="0" timestamp="2022-04-04T09:42:11 GMT+05:30" skipped="0">
  <testcase classname="SeleniumTest" name="mobileSignup" time="0.000"/>
  <system-out/>
  <testcase classname="SeleniumTest" name="mobileLoginOut" time="0.003"/>
  <system-out/>
</testsuite> <!-- SeleniumTest -->
